-------------------------------------------------------------------------------
Test set: com.proyecto.bootcamp.Controllers.CursoControllerTest
-------------------------------------------------------------------------------
Tests run: 5, Failures: 0, Errors: 5, Skipped: 0, Time elapsed: 0.346 s <<< FAILURE! - in com.proyecto.bootcamp.Controllers.CursoControllerTest
getAll  Time elapsed: 0 s  <<< ERROR!
java.lang.IllegalStateException: Failed to load ApplicationContext
Caused by: org.springframework.beans.factory.BeanDefinitionStoreException: Failed to parse configuration class [com.proyecto.bootcamp.BootcampApplication]; nested exception is org.springframework.context.annotation.ConflictingBeanDefinitionException: Annotation-specified bean name 'securityConfig' for bean class [com.proyecto.bootcamp.Security.Tokens.SecurityConfig] conflicts with existing, non-compatible bean definition of same name and class [com.proyecto.bootcamp.Security.SecurityConfig]
Caused by: org.springframework.context.annotation.ConflictingBeanDefinitionException: Annotation-specified bean name 'securityConfig' for bean class [com.proyecto.bootcamp.Security.Tokens.SecurityConfig] conflicts with existing, non-compatible bean definition of same name and class [com.proyecto.bootcamp.Security.SecurityConfig]

deleteCurso  Time elapsed: 0 s  <<< ERROR!
java.lang.IllegalStateException: Failed to load ApplicationContext
Caused by: org.springframework.beans.factory.BeanDefinitionStoreException: Failed to parse configuration class [com.proyecto.bootcamp.BootcampApplication]; nested exception is org.springframework.context.annotation.ConflictingBeanDefinitionException: Annotation-specified bean name 'securityConfig' for bean class [com.proyecto.bootcamp.Security.Tokens.SecurityConfig] conflicts with existing, non-compatible bean definition of same name and class [com.proyecto.bootcamp.Security.SecurityConfig]
Caused by: org.springframework.context.annotation.ConflictingBeanDefinitionException: Annotation-specified bean name 'securityConfig' for bean class [com.proyecto.bootcamp.Security.Tokens.SecurityConfig] conflicts with existing, non-compatible bean definition of same name and class [com.proyecto.bootcamp.Security.SecurityConfig]

getCursoById  Time elapsed: 0 s  <<< ERROR!
java.lang.IllegalStateException: Failed to load ApplicationContext
Caused by: org.springframework.beans.factory.BeanDefinitionStoreException: Failed to parse configuration class [com.proyecto.bootcamp.BootcampApplication]; nested exception is org.springframework.context.annotation.ConflictingBeanDefinitionException: Annotation-specified bean name 'securityConfig' for bean class [com.proyecto.bootcamp.Security.Tokens.SecurityConfig] conflicts with existing, non-compatible bean definition of same name and class [com.proyecto.bootcamp.Security.SecurityConfig]
Caused by: org.springframework.context.annotation.ConflictingBeanDefinitionException: Annotation-specified bean name 'securityConfig' for bean class [com.proyecto.bootcamp.Security.Tokens.SecurityConfig] conflicts with existing, non-compatible bean definition of same name and class [com.proyecto.bootcamp.Security.SecurityConfig]

putCurso  Time elapsed: 0 s  <<< ERROR!
java.lang.IllegalStateException: Failed to load ApplicationContext
Caused by: org.springframework.beans.factory.BeanDefinitionStoreException: Failed to parse configuration class [com.proyecto.bootcamp.BootcampApplication]; nested exception is org.springframework.context.annotation.ConflictingBeanDefinitionException: Annotation-specified bean name 'securityConfig' for bean class [com.proyecto.bootcamp.Security.Tokens.SecurityConfig] conflicts with existing, non-compatible bean definition of same name and class [com.proyecto.bootcamp.Security.SecurityConfig]
Caused by: org.springframework.context.annotation.ConflictingBeanDefinitionException: Annotation-specified bean name 'securityConfig' for bean class [com.proyecto.bootcamp.Security.Tokens.SecurityConfig] conflicts with existing, non-compatible bean definition of same name and class [com.proyecto.bootcamp.Security.SecurityConfig]

postCurso  Time elapsed: 0 s  <<< ERROR!
java.lang.IllegalStateException: Failed to load ApplicationContext
Caused by: org.springframework.beans.factory.BeanDefinitionStoreException: Failed to parse configuration class [com.proyecto.bootcamp.BootcampApplication]; nested exception is org.springframework.context.annotation.ConflictingBeanDefinitionException: Annotation-specified bean name 'securityConfig' for bean class [com.proyecto.bootcamp.Security.Tokens.SecurityConfig] conflicts with existing, non-compatible bean definition of same name and class [com.proyecto.bootcamp.Security.SecurityConfig]
Caused by: org.springframework.context.annotation.ConflictingBeanDefinitionException: Annotation-specified bean name 'securityConfig' for bean class [com.proyecto.bootcamp.Security.Tokens.SecurityConfig] conflicts with existing, non-compatible bean definition of same name and class [com.proyecto.bootcamp.Security.SecurityConfig]

